
SQL*Loader: Release 9.2.0.1.0 - Production on Tue Feb 20 13:52:25 2007

Copyright (c) 1982, 2002, Oracle Corporation.  All rights reserved.

Control File:   eh_marks_photo.DAT
Data File:      eh_marks_photo.DAT
  Bad File:     eh_marks_photo.bad
  Discard File:  none specified
 
 (Allow all discards)

Number to load: ALL
Number to skip: 0
Errors allowed: 50
Bind array:     64 rows, maximum of 256000 bytes
Continuation:    none specified
Path used:      Conventional

Table MACOMB.MT_EH_MARKS_PHOTOS, loaded from every logical record.
Insert option in effect for this table: APPEND

   Column Name                  Position   Len  Term Encl Datatype
------------------------------ ---------- ----- ---- ---- ---------------------
MARK_ID                             FIRST     *   ,  O(") CHARACTER            
PHOTO_ID                             NEXT     *   ,  O(") CHARACTER            
ACTION_BY                            NEXT     *   ,  O(") CHARACTER            
ACTION_TIME                          NEXT     *   ,  O(") CHARACTER            
ACTION_TYPE                          NEXT     *   ,  O(") CHARACTER            

Record 1: Rejected - Error on table MACOMB.MT_EH_MARKS_PHOTOS.
ORA-01400: cannot insert NULL into ("MACOMB"."MT_EH_MARKS_PHOTOS"."MARK_ID")

Record 2: Rejected - Error on table MACOMB.MT_EH_MARKS_PHOTOS.
ORA-01400: cannot insert NULL into ("MACOMB"."MT_EH_MARKS_PHOTOS"."MARK_ID")

Record 3: Rejected - Error on table MACOMB.MT_EH_MARKS_PHOTOS.
ORA-01400: cannot insert NULL into ("MACOMB"."MT_EH_MARKS_PHOTOS"."MARK_ID")

Record 4: Rejected - Error on table MACOMB.MT_EH_MARKS_PHOTOS.
ORA-01400: cannot insert NULL into ("MACOMB"."MT_EH_MARKS_PHOTOS"."MARK_ID")

Record 5: Rejected - Error on table MACOMB.MT_EH_MARKS_PHOTOS.
ORA-01400: cannot insert NULL into ("MACOMB"."MT_EH_MARKS_PHOTOS"."MARK_ID")

Record 6: Rejected - Error on table MACOMB.MT_EH_MARKS_PHOTOS.
ORA-01400: cannot insert NULL into ("MACOMB"."MT_EH_MARKS_PHOTOS"."MARK_ID")

Record 7: Rejected - Error on table MACOMB.MT_EH_MARKS_PHOTOS.
ORA-01400: cannot insert NULL into ("MACOMB"."MT_EH_MARKS_PHOTOS"."MARK_ID")

Record 8: Rejected - Error on table MACOMB.MT_EH_MARKS_PHOTOS.
ORA-01400: cannot insert NULL into ("MACOMB"."MT_EH_MARKS_PHOTOS"."MARK_ID")

Record 9: Rejected - Error on table MACOMB.MT_EH_MARKS_PHOTOS.
ORA-01400: cannot insert NULL into ("MACOMB"."MT_EH_MARKS_PHOTOS"."MARK_ID")

Record 10: Rejected - Error on table MACOMB.MT_EH_MARKS_PHOTOS.
ORA-01400: cannot insert NULL into ("MACOMB"."MT_EH_MARKS_PHOTOS"."MARK_ID")

Record 11: Rejected - Error on table MACOMB.MT_EH_MARKS_PHOTOS.
ORA-01400: cannot insert NULL into ("MACOMB"."MT_EH_MARKS_PHOTOS"."MARK_ID")

Record 12: Rejected - Error on table MACOMB.MT_EH_MARKS_PHOTOS.
ORA-01400: cannot insert NULL into ("MACOMB"."MT_EH_MARKS_PHOTOS"."MARK_ID")

Record 13: Rejected - Error on table MACOMB.MT_EH_MARKS_PHOTOS.
ORA-01400: cannot insert NULL into ("MACOMB"."MT_EH_MARKS_PHOTOS"."MARK_ID")

Record 14: Rejected - Error on table MACOMB.MT_EH_MARKS_PHOTOS.
ORA-01400: cannot insert NULL into ("MACOMB"."MT_EH_MARKS_PHOTOS"."MARK_ID")

Record 15: Rejected - Error on table MACOMB.MT_EH_MARKS_PHOTOS.
ORA-01400: cannot insert NULL into ("MACOMB"."MT_EH_MARKS_PHOTOS"."MARK_ID")

Record 16: Rejected - Error on table MACOMB.MT_EH_MARKS_PHOTOS.
ORA-01400: cannot insert NULL into ("MACOMB"."MT_EH_MARKS_PHOTOS"."MARK_ID")

Record 17: Rejected - Error on table MACOMB.MT_EH_MARKS_PHOTOS.
ORA-01400: cannot insert NULL into ("MACOMB"."MT_EH_MARKS_PHOTOS"."MARK_ID")

Record 18: Rejected - Error on table MACOMB.MT_EH_MARKS_PHOTOS.
ORA-01400: cannot insert NULL into ("MACOMB"."MT_EH_MARKS_PHOTOS"."MARK_ID")

Record 19: Rejected - Error on table MACOMB.MT_EH_MARKS_PHOTOS.
ORA-01400: cannot insert NULL into ("MACOMB"."MT_EH_MARKS_PHOTOS"."MARK_ID")

Record 20: Rejected - Error on table MACOMB.MT_EH_MARKS_PHOTOS.
ORA-01400: cannot insert NULL into ("MACOMB"."MT_EH_MARKS_PHOTOS"."MARK_ID")

Record 21: Rejected - Error on table MACOMB.MT_EH_MARKS_PHOTOS.
ORA-01400: cannot insert NULL into ("MACOMB"."MT_EH_MARKS_PHOTOS"."MARK_ID")

Record 22: Rejected - Error on table MACOMB.MT_EH_MARKS_PHOTOS.
ORA-01400: cannot insert NULL into ("MACOMB"."MT_EH_MARKS_PHOTOS"."MARK_ID")

Record 23: Rejected - Error on table MACOMB.MT_EH_MARKS_PHOTOS.
ORA-01400: cannot insert NULL into ("MACOMB"."MT_EH_MARKS_PHOTOS"."MARK_ID")

Record 24: Rejected - Error on table MACOMB.MT_EH_MARKS_PHOTOS.
ORA-01400: cannot insert NULL into ("MACOMB"."MT_EH_MARKS_PHOTOS"."MARK_ID")

Record 25: Rejected - Error on table MACOMB.MT_EH_MARKS_PHOTOS.
ORA-01400: cannot insert NULL into ("MACOMB"."MT_EH_MARKS_PHOTOS"."MARK_ID")

Record 26: Rejected - Error on table MACOMB.MT_EH_MARKS_PHOTOS.
ORA-01400: cannot insert NULL into ("MACOMB"."MT_EH_MARKS_PHOTOS"."MARK_ID")

Record 27: Rejected - Error on table MACOMB.MT_EH_MARKS_PHOTOS.
ORA-01400: cannot insert NULL into ("MACOMB"."MT_EH_MARKS_PHOTOS"."MARK_ID")

Record 28: Rejected - Error on table MACOMB.MT_EH_MARKS_PHOTOS.
ORA-01400: cannot insert NULL into ("MACOMB"."MT_EH_MARKS_PHOTOS"."MARK_ID")

Record 29: Rejected - Error on table MACOMB.MT_EH_MARKS_PHOTOS.
ORA-01400: cannot insert NULL into ("MACOMB"."MT_EH_MARKS_PHOTOS"."MARK_ID")

Record 30: Rejected - Error on table MACOMB.MT_EH_MARKS_PHOTOS.
ORA-01400: cannot insert NULL into ("MACOMB"."MT_EH_MARKS_PHOTOS"."MARK_ID")

Record 31: Rejected - Error on table MACOMB.MT_EH_MARKS_PHOTOS.
ORA-01400: cannot insert NULL into ("MACOMB"."MT_EH_MARKS_PHOTOS"."MARK_ID")

Record 32: Rejected - Error on table MACOMB.MT_EH_MARKS_PHOTOS.
ORA-01400: cannot insert NULL into ("MACOMB"."MT_EH_MARKS_PHOTOS"."MARK_ID")

Record 33: Rejected - Error on table MACOMB.MT_EH_MARKS_PHOTOS.
ORA-01400: cannot insert NULL into ("MACOMB"."MT_EH_MARKS_PHOTOS"."MARK_ID")

Record 34: Rejected - Error on table MACOMB.MT_EH_MARKS_PHOTOS.
ORA-01400: cannot insert NULL into ("MACOMB"."MT_EH_MARKS_PHOTOS"."MARK_ID")

Record 35: Rejected - Error on table MACOMB.MT_EH_MARKS_PHOTOS.
ORA-01400: cannot insert NULL into ("MACOMB"."MT_EH_MARKS_PHOTOS"."MARK_ID")

Record 36: Rejected - Error on table MACOMB.MT_EH_MARKS_PHOTOS.
ORA-01400: cannot insert NULL into ("MACOMB"."MT_EH_MARKS_PHOTOS"."MARK_ID")

Record 37: Rejected - Error on table MACOMB.MT_EH_MARKS_PHOTOS.
ORA-01400: cannot insert NULL into ("MACOMB"."MT_EH_MARKS_PHOTOS"."MARK_ID")

Record 38: Rejected - Error on table MACOMB.MT_EH_MARKS_PHOTOS.
ORA-01400: cannot insert NULL into ("MACOMB"."MT_EH_MARKS_PHOTOS"."MARK_ID")

Record 39: Rejected - Error on table MACOMB.MT_EH_MARKS_PHOTOS.
ORA-01400: cannot insert NULL into ("MACOMB"."MT_EH_MARKS_PHOTOS"."MARK_ID")

Record 40: Rejected - Error on table MACOMB.MT_EH_MARKS_PHOTOS.
ORA-01400: cannot insert NULL into ("MACOMB"."MT_EH_MARKS_PHOTOS"."MARK_ID")

Record 41: Rejected - Error on table MACOMB.MT_EH_MARKS_PHOTOS.
ORA-01400: cannot insert NULL into ("MACOMB"."MT_EH_MARKS_PHOTOS"."MARK_ID")

Record 42: Rejected - Error on table MACOMB.MT_EH_MARKS_PHOTOS.
ORA-01400: cannot insert NULL into ("MACOMB"."MT_EH_MARKS_PHOTOS"."MARK_ID")

Record 43: Rejected - Error on table MACOMB.MT_EH_MARKS_PHOTOS.
ORA-01400: cannot insert NULL into ("MACOMB"."MT_EH_MARKS_PHOTOS"."MARK_ID")

Record 44: Rejected - Error on table MACOMB.MT_EH_MARKS_PHOTOS.
ORA-01400: cannot insert NULL into ("MACOMB"."MT_EH_MARKS_PHOTOS"."MARK_ID")

Record 45: Rejected - Error on table MACOMB.MT_EH_MARKS_PHOTOS.
ORA-01400: cannot insert NULL into ("MACOMB"."MT_EH_MARKS_PHOTOS"."MARK_ID")

Record 46: Rejected - Error on table MACOMB.MT_EH_MARKS_PHOTOS.
ORA-01400: cannot insert NULL into ("MACOMB"."MT_EH_MARKS_PHOTOS"."MARK_ID")

Record 47: Rejected - Error on table MACOMB.MT_EH_MARKS_PHOTOS.
ORA-01400: cannot insert NULL into ("MACOMB"."MT_EH_MARKS_PHOTOS"."MARK_ID")

Record 48: Rejected - Error on table MACOMB.MT_EH_MARKS_PHOTOS.
ORA-01400: cannot insert NULL into ("MACOMB"."MT_EH_MARKS_PHOTOS"."MARK_ID")

Record 49: Rejected - Error on table MACOMB.MT_EH_MARKS_PHOTOS.
ORA-01400: cannot insert NULL into ("MACOMB"."MT_EH_MARKS_PHOTOS"."MARK_ID")

Record 50: Rejected - Error on table MACOMB.MT_EH_MARKS_PHOTOS.
ORA-01400: cannot insert NULL into ("MACOMB"."MT_EH_MARKS_PHOTOS"."MARK_ID")

Record 51: Rejected - Error on table MACOMB.MT_EH_MARKS_PHOTOS.
ORA-01400: cannot insert NULL into ("MACOMB"."MT_EH_MARKS_PHOTOS"."MARK_ID")


MAXIMUM ERROR COUNT EXCEEDED - Above statistics reflect partial run.

Table MACOMB.MT_EH_MARKS_PHOTOS:
  0 Rows successfully loaded.
  51 Rows not loaded due to data errors.
  0 Rows not loaded because all WHEN clauses were failed.
  0 Rows not loaded because all fields were null.


Space allocated for bind array:                  82560 bytes(64 rows)
Read   buffer bytes: 1048576

Total logical records skipped:          0
Total logical records read:            63
Total logical records rejected:        51
Total logical records discarded:        0

Run began on Tue Feb 20 13:52:25 2007
Run ended on Tue Feb 20 13:52:26 2007

Elapsed time was:     00:00:00.28
CPU time was:         00:00:00.08
